\BOOKMARK [0][-]{section*.1}{摘要}{}% 1
\BOOKMARK [0][-]{section*.3}{ABSTRACT}{}% 2
\BOOKMARK [0][-]{chapter.1}{第一章  绪论}{}% 3
\BOOKMARK [1][-]{section.1.1}{1.1 研究背景及研究意义}{chapter.1}% 4
\BOOKMARK [2][-]{subsection.1.1.1}{1.1.1 研究背景}{section.1.1}% 5
\BOOKMARK [2][-]{subsection.1.1.2}{1.1.2 研究意义}{section.1.1}% 6
\BOOKMARK [1][-]{section.1.2}{1.2 无线信号调制识别的发展和研究现状}{chapter.1}% 7
\BOOKMARK [2][-]{subsection.1.2.1}{1.2.1 基于似然比判决理论的方法}{section.1.2}% 8
\BOOKMARK [2][-]{subsection.1.2.2}{1.2.2 基于特征提取的统计机器学习方法}{section.1.2}% 9
\BOOKMARK [2][-]{subsection.1.2.3}{1.2.3 基于深度学习的无线调制识别方法}{section.1.2}% 10
\BOOKMARK [1][-]{section.1.3}{1.3 本文主要工作及内容安排}{chapter.1}% 11
\BOOKMARK [0][-]{chapter.2}{第二章  无线信号调制识别以及深度学习理论}{}% 12
\BOOKMARK [1][-]{section.2.1}{2.1 引言}{chapter.2}% 13
\BOOKMARK [1][-]{section.2.2}{2.2 调制识别}{chapter.2}% 14
\BOOKMARK [2][-]{subsection.2.2.1}{2.2.1 信道对调制信号的影响}{section.2.2}% 15
\BOOKMARK [2][-]{subsection.2.2.2}{2.2.2 信道建模}{section.2.2}% 16
\BOOKMARK [1][-]{section.2.3}{2.3 神经网络概述}{chapter.2}% 17
\BOOKMARK [2][-]{subsection.2.3.1}{2.3.1 神经元概述}{section.2.3}% 18
\BOOKMARK [2][-]{subsection.2.3.2}{2.3.2 前馈神经网络}{section.2.3}% 19
\BOOKMARK [2][-]{subsection.2.3.3}{2.3.3 反向传播算法}{section.2.3}% 20
\BOOKMARK [1][-]{section.2.4}{2.4 卷积神经网络}{chapter.2}% 21
\BOOKMARK [2][-]{subsection.2.4.1}{2.4.1 卷积运算}{section.2.4}% 22
\BOOKMARK [2][-]{subsection.2.4.2}{2.4.2 卷积特性}{section.2.4}% 23
\BOOKMARK [1][-]{section.2.5}{2.5 卷积自编码器}{chapter.2}% 24
\BOOKMARK [1][-]{section.2.6}{2.6 神经网络优化算法}{chapter.2}% 25
\BOOKMARK [2][-]{subsection.2.6.1}{2.6.1 统计梯度下降优化算法}{section.2.6}% 26
\BOOKMARK [2][-]{subsection.2.6.2}{2.6.2 自适应矩估计优化算法}{section.2.6}% 27
\BOOKMARK [2][-]{subsection.2.6.3}{2.6.3 RMSProp优化算法}{section.2.6}% 28
\BOOKMARK [2][-]{subsection.2.6.4}{2.6.4 选择正确的优化算法}{section.2.6}% 29
\BOOKMARK [1][-]{section.2.7}{2.7 本章小结}{chapter.2}% 30
\BOOKMARK [0][-]{chapter.3}{第三章  基于CAE-CNN的无线信号调制识别}{}% 31
\BOOKMARK [1][-]{section.3.1}{3.1 引言}{chapter.3}% 32
\BOOKMARK [1][-]{section.3.2}{3.2 调制信号}{chapter.3}% 33
\BOOKMARK [2][-]{subsection.3.2.1}{3.2.1 调制信号生成}{section.3.2}% 34
\BOOKMARK [2][-]{subsection.3.2.2}{3.2.2 信号采集}{section.3.2}% 35
\BOOKMARK [1][-]{section.3.3}{3.3 调制信号的表示}{chapter.3}% 36
\BOOKMARK [2][-]{subsection.3.3.1}{3.3.1 数据集可视化}{section.3.3}% 37
\BOOKMARK [2][-]{subsection.3.3.2}{3.3.2 调制信号的无监督表示}{section.3.3}% 38
\BOOKMARK [2][-]{subsection.3.3.3}{3.3.3 调制信号的监督引导稀疏表示}{section.3.3}% 39
\BOOKMARK [1][-]{section.3.4}{3.4 基于CAE-CNN的无线信号调制识别}{chapter.3}% 40
\BOOKMARK [2][-]{subsection.3.4.1}{3.4.1 CAE-CNN网络框架}{section.3.4}% 41
\BOOKMARK [2][-]{subsection.3.4.2}{3.4.2 CAE-CNN算法}{section.3.4}% 42
\BOOKMARK [2][-]{subsection.3.4.3}{3.4.3 算法运行环境及参数}{section.3.4}% 43
\BOOKMARK [1][-]{section.3.5}{3.5 结果及分析}{chapter.3}% 44
\BOOKMARK [2][-]{subsection.3.5.1}{3.5.1 分类结果}{section.3.5}% 45
\BOOKMARK [2][-]{subsection.3.5.2}{3.5.2 算法效率}{section.3.5}% 46
\BOOKMARK [1][-]{section.3.6}{3.6 本章小结}{chapter.3}% 47
\BOOKMARK [0][-]{chapter.4}{第四章  基于传统特征与深度特征融合的无线调制方式识别技术研究}{}% 48
\BOOKMARK [1][-]{section.4.1}{4.1 引言}{chapter.4}% 49
\BOOKMARK [1][-]{section.4.2}{4.2 传统特征}{chapter.4}% 50
\BOOKMARK [2][-]{subsection.4.2.1}{4.2.1 基本时频特征}{section.4.2}% 51
\BOOKMARK [2][-]{subsection.4.2.2}{4.2.2 高阶累积量}{section.4.2}% 52
\BOOKMARK [1][-]{section.4.3}{4.3 特征融合理论}{chapter.4}% 53
\BOOKMARK [1][-]{section.4.4}{4.4 传统特征与深度特征融合框架}{chapter.4}% 54
\BOOKMARK [2][-]{subsection.4.4.1}{4.4.1 特征归一化}{section.4.4}% 55
\BOOKMARK [2][-]{subsection.4.4.2}{4.4.2 基于Softmax回归的融合框架}{section.4.4}% 56
\BOOKMARK [2][-]{subsection.4.4.3}{4.4.3 基于深度学习的融合框架}{section.4.4}% 57
\BOOKMARK [2][-]{subsection.4.4.4}{4.4.4 基于集成树的融合框架}{section.4.4}% 58
\BOOKMARK [1][-]{section.4.5}{4.5 结果及分析}{chapter.4}% 59
\BOOKMARK [2][-]{subsection.4.5.1}{4.5.1 分类性能比较}{section.4.5}% 60
\BOOKMARK [2][-]{subsection.4.5.2}{4.5.2 分类混淆矩阵}{section.4.5}% 61
\BOOKMARK [1][-]{section.4.6}{4.6 本章小结}{chapter.4}% 62
\BOOKMARK [0][-]{chapter.5}{第五章  调制识别的深度框架研究}{}% 63
\BOOKMARK [1][-]{section.5.1}{5.1 引言}{chapter.5}% 64
\BOOKMARK [1][-]{section.5.2}{5.2 系统模型}{chapter.5}% 65
\BOOKMARK [2][-]{subsection.5.2.1}{5.2.1 模型的偏差与方差}{section.5.2}% 66
\BOOKMARK [2][-]{subsection.5.2.2}{5.2.2 过拟合与欠拟合}{section.5.2}% 67
\BOOKMARK [1][-]{section.5.3}{5.3 网络超参数对调制识别的影响}{chapter.5}% 68
\BOOKMARK [2][-]{subsection.5.3.1}{5.3.1 网络层数对调制识别的影响}{section.5.3}% 69
\BOOKMARK [2][-]{subsection.5.3.2}{5.3.2 卷积核数目对调制识别的影响}{section.5.3}% 70
\BOOKMARK [2][-]{subsection.5.3.3}{5.3.3 卷积核大小对调制识别的影响}{section.5.3}% 71
\BOOKMARK [1][-]{section.5.4}{5.4 本章小结}{chapter.5}% 72
\BOOKMARK [0][-]{chapter.6}{第六章  总结与展望}{}% 73
\BOOKMARK [1][-]{section.6.1}{6.1 研究结论}{chapter.6}% 74
\BOOKMARK [1][-]{section.6.2}{6.2 未来展望}{chapter.6}% 75
\BOOKMARK [0][-]{section*.42}{参考文献}{}% 76
\BOOKMARK [0][-]{section*.44}{致谢}{}% 77
