2018-03-23 09:30:36.304855: W tensorflow/core/platform/cpu_feature_guard.cc:45] The TensorFlow library wasn't compiled to use SSE4.1 instructions, but these are available on your machine and could speed up CPU computations.
2018-03-23 09:30:36.304907: W tensorflow/core/platform/cpu_feature_guard.cc:45] The TensorFlow library wasn't compiled to use SSE4.2 instructions, but these are available on your machine and could speed up CPU computations.
2018-03-23 09:30:36.304931: W tensorflow/core/platform/cpu_feature_guard.cc:45] The TensorFlow library wasn't compiled to use AVX instructions, but these are available on your machine and could speed up CPU computations.
2018-03-23 09:30:36.304937: W tensorflow/core/platform/cpu_feature_guard.cc:45] The TensorFlow library wasn't compiled to use AVX2 instructions, but these are available on your machine and could speed up CPU computations.
2018-03-23 09:30:36.304944: W tensorflow/core/platform/cpu_feature_guard.cc:45] The TensorFlow library wasn't compiled to use FMA instructions, but these are available on your machine and could speed up CPU computations.
2018-03-23 09:30:36.683492: I tensorflow/core/common_runtime/gpu/gpu_device.cc:955] Found device 0 with properties: 
name: GeForce GTX 1080 Ti
major: 6 minor: 1 memoryClockRate (GHz) 1.582
pciBusID 0000:02:00.0
Total memory: 10.91GiB
Free memory: 10.54GiB
2018-03-23 09:30:36.683537: I tensorflow/core/common_runtime/gpu/gpu_device.cc:976] DMA: 0 
2018-03-23 09:30:36.683550: I tensorflow/core/common_runtime/gpu/gpu_device.cc:986] 0:   Y 
2018-03-23 09:30:36.683563: I tensorflow/core/common_runtime/gpu/gpu_device.cc:1045] Creating TensorFlow device (/gpu:0) -> (device: 0, name: GeForce GTX 1080 Ti, pci bus id: 0000:02:00.0)
2018-03-23 09:54:53.584724: I tensorflow/core/common_runtime/gpu/gpu_device.cc:1045] Creating TensorFlow device (/gpu:0) -> (device: 0, name: GeForce GTX 1080 Ti, pci bus id: 0000:02:00.0)
2018-03-23 10:11:12.209439: I tensorflow/core/common_runtime/gpu/gpu_device.cc:1045] Creating TensorFlow device (/gpu:0) -> (device: 0, name: GeForce GTX 1080 Ti, pci bus id: 0000:02:00.0)
2018-03-23 10:29:12.744584: I tensorflow/core/common_runtime/gpu/gpu_device.cc:1045] Creating TensorFlow device (/gpu:0) -> (device: 0, name: GeForce GTX 1080 Ti, pci bus id: 0000:02:00.0)
2018-03-23 10:49:34.899261: I tensorflow/core/common_runtime/gpu/gpu_device.cc:1045] Creating TensorFlow device (/gpu:0) -> (device: 0, name: GeForce GTX 1080 Ti, pci bus id: 0000:02:00.0)
2018-03-23 11:13:44.041823: I tensorflow/core/common_runtime/gpu/gpu_device.cc:1045] Creating TensorFlow device (/gpu:0) -> (device: 0, name: GeForce GTX 1080 Ti, pci bus id: 0000:02:00.0)
2018-03-23 11:45:23.352277: I tensorflow/core/common_runtime/gpu/gpu_device.cc:1045] Creating TensorFlow device (/gpu:0) -> (device: 0, name: GeForce GTX 1080 Ti, pci bus id: 0000:02:00.0)
2018-03-23 12:10:30.267147: I tensorflow/core/common_runtime/gpu/gpu_device.cc:1045] Creating TensorFlow device (/gpu:0) -> (device: 0, name: GeForce GTX 1080 Ti, pci bus id: 0000:02:00.0)
2018-03-23 12:36:24.142423: I tensorflow/core/common_runtime/gpu/gpu_device.cc:1045] Creating TensorFlow device (/gpu:0) -> (device: 0, name: GeForce GTX 1080 Ti, pci bus id: 0000:02:00.0)
2018-03-23 12:56:55.160268: I tensorflow/core/common_runtime/gpu/gpu_device.cc:1045] Creating TensorFlow device (/gpu:0) -> (device: 0, name: GeForce GTX 1080 Ti, pci bus id: 0000:02:00.0)
2018-03-23 13:16:23.127052: I tensorflow/core/common_runtime/gpu/gpu_device.cc:1045] Creating TensorFlow device (/gpu:0) -> (device: 0, name: GeForce GTX 1080 Ti, pci bus id: 0000:02:00.0)
2018-03-23 13:38:06.881696: I tensorflow/core/common_runtime/gpu/gpu_device.cc:1045] Creating TensorFlow device (/gpu:0) -> (device: 0, name: GeForce GTX 1080 Ti, pci bus id: 0000:02:00.0)
2018-03-23 14:02:34.023012: I tensorflow/core/common_runtime/gpu/gpu_device.cc:1045] Creating TensorFlow device (/gpu:0) -> (device: 0, name: GeForce GTX 1080 Ti, pci bus id: 0000:02:00.0)
2018-03-23 14:38:36.613776: I tensorflow/core/common_runtime/gpu/gpu_device.cc:1045] Creating TensorFlow device (/gpu:0) -> (device: 0, name: GeForce GTX 1080 Ti, pci bus id: 0000:02:00.0)
2018-03-23 15:42:31.231215: I tensorflow/core/common_runtime/gpu/gpu_device.cc:1045] Creating TensorFlow device (/gpu:0) -> (device: 0, name: GeForce GTX 1080 Ti, pci bus id: 0000:02:00.0)
2018-03-23 16:34:25.281857: I tensorflow/core/common_runtime/gpu/gpu_device.cc:1045] Creating TensorFlow device (/gpu:0) -> (device: 0, name: GeForce GTX 1080 Ti, pci bus id: 0000:02:00.0)
2018-03-23 17:29:07.369441: I tensorflow/core/common_runtime/gpu/gpu_device.cc:1045] Creating TensorFlow device (/gpu:0) -> (device: 0, name: GeForce GTX 1080 Ti, pci bus id: 0000:02:00.0)
2018-03-23 18:02:35.034597: I tensorflow/core/common_runtime/gpu/gpu_device.cc:1045] Creating TensorFlow device (/gpu:0) -> (device: 0, name: GeForce GTX 1080 Ti, pci bus id: 0000:02:00.0)
2018-03-23 18:34:34.895206: I tensorflow/core/common_runtime/gpu/gpu_device.cc:1045] Creating TensorFlow device (/gpu:0) -> (device: 0, name: GeForce GTX 1080 Ti, pci bus id: 0000:02:00.0)
2018-03-23 19:00:17.541561: I tensorflow/core/common_runtime/gpu/gpu_device.cc:1045] Creating TensorFlow device (/gpu:0) -> (device: 0, name: GeForce GTX 1080 Ti, pci bus id: 0000:02:00.0)
2018-03-23 19:43:09.054443: I tensorflow/core/common_runtime/gpu/gpu_device.cc:1045] Creating TensorFlow device (/gpu:0) -> (device: 0, name: GeForce GTX 1080 Ti, pci bus id: 0000:02:00.0)
2018-03-23 20:28:13.063930: I tensorflow/core/common_runtime/gpu/gpu_device.cc:1045] Creating TensorFlow device (/gpu:0) -> (device: 0, name: GeForce GTX 1080 Ti, pci bus id: 0000:02:00.0)
2018-03-23 21:15:30.644373: I tensorflow/core/common_runtime/gpu/gpu_device.cc:1045] Creating TensorFlow device (/gpu:0) -> (device: 0, name: GeForce GTX 1080 Ti, pci bus id: 0000:02:00.0)
2018-03-23 22:21:27.193100: I tensorflow/core/common_runtime/gpu/gpu_device.cc:1045] Creating TensorFlow device (/gpu:0) -> (device: 0, name: GeForce GTX 1080 Ti, pci bus id: 0000:02:00.0)
2018-03-23 23:35:58.661465: I tensorflow/core/common_runtime/gpu/gpu_device.cc:1045] Creating TensorFlow device (/gpu:0) -> (device: 0, name: GeForce GTX 1080 Ti, pci bus id: 0000:02:00.0)
2018-03-24 00:13:46.774259: I tensorflow/core/common_runtime/gpu/gpu_device.cc:1045] Creating TensorFlow device (/gpu:0) -> (device: 0, name: GeForce GTX 1080 Ti, pci bus id: 0000:02:00.0)
2018-03-24 00:48:35.126906: I tensorflow/core/common_runtime/gpu/gpu_device.cc:1045] Creating TensorFlow device (/gpu:0) -> (device: 0, name: GeForce GTX 1080 Ti, pci bus id: 0000:02:00.0)
2018-03-24 01:30:13.425371: I tensorflow/core/common_runtime/gpu/gpu_device.cc:1045] Creating TensorFlow device (/gpu:0) -> (device: 0, name: GeForce GTX 1080 Ti, pci bus id: 0000:02:00.0)
2018-03-24 02:24:49.568927: I tensorflow/core/common_runtime/gpu/gpu_device.cc:1045] Creating TensorFlow device (/gpu:0) -> (device: 0, name: GeForce GTX 1080 Ti, pci bus id: 0000:02:00.0)
2018-03-24 02:55:56.726798: I tensorflow/core/common_runtime/gpu/gpu_device.cc:1045] Creating TensorFlow device (/gpu:0) -> (device: 0, name: GeForce GTX 1080 Ti, pci bus id: 0000:02:00.0)
2018-03-24 03:46:27.738057: I tensorflow/core/common_runtime/gpu/gpu_device.cc:1045] Creating TensorFlow device (/gpu:0) -> (device: 0, name: GeForce GTX 1080 Ti, pci bus id: 0000:02:00.0)
2018-03-24 05:13:02.355227: I tensorflow/core/common_runtime/gpu/gpu_device.cc:1045] Creating TensorFlow device (/gpu:0) -> (device: 0, name: GeForce GTX 1080 Ti, pci bus id: 0000:02:00.0)
2018-03-24 06:00:53.539190: I tensorflow/core/common_runtime/gpu/gpu_device.cc:1045] Creating TensorFlow device (/gpu:0) -> (device: 0, name: GeForce GTX 1080 Ti, pci bus id: 0000:02:00.0)
2018-03-24 06:57:55.410115: I tensorflow/core/common_runtime/gpu/gpu_device.cc:1045] Creating TensorFlow device (/gpu:0) -> (device: 0, name: GeForce GTX 1080 Ti, pci bus id: 0000:02:00.0)
2018-03-24 07:34:47.126476: I tensorflow/core/common_runtime/gpu/gpu_device.cc:1045] Creating TensorFlow device (/gpu:0) -> (device: 0, name: GeForce GTX 1080 Ti, pci bus id: 0000:02:00.0)
2018-03-24 08:05:47.058125: I tensorflow/core/common_runtime/gpu/gpu_device.cc:1045] Creating TensorFlow device (/gpu:0) -> (device: 0, name: GeForce GTX 1080 Ti, pci bus id: 0000:02:00.0)
2018-03-24 08:48:49.143921: I tensorflow/core/common_runtime/gpu/gpu_device.cc:1045] Creating TensorFlow device (/gpu:0) -> (device: 0, name: GeForce GTX 1080 Ti, pci bus id: 0000:02:00.0)
2018-03-24 10:07:57.772907: I tensorflow/core/common_runtime/gpu/gpu_device.cc:1045] Creating TensorFlow device (/gpu:0) -> (device: 0, name: GeForce GTX 1080 Ti, pci bus id: 0000:02:00.0)
2018-03-24 11:27:34.436562: I tensorflow/core/common_runtime/gpu/gpu_device.cc:1045] Creating TensorFlow device (/gpu:0) -> (device: 0, name: GeForce GTX 1080 Ti, pci bus id: 0000:02:00.0)
2018-03-24 12:26:59.823675: I tensorflow/core/common_runtime/gpu/gpu_device.cc:1045] Creating TensorFlow device (/gpu:0) -> (device: 0, name: GeForce GTX 1080 Ti, pci bus id: 0000:02:00.0)
2018-03-24 13:28:41.736260: I tensorflow/core/common_runtime/gpu/gpu_device.cc:1045] Creating TensorFlow device (/gpu:0) -> (device: 0, name: GeForce GTX 1080 Ti, pci bus id: 0000:02:00.0)
2018-03-24 14:09:53.072521: I tensorflow/core/common_runtime/gpu/gpu_device.cc:1045] Creating TensorFlow device (/gpu:0) -> (device: 0, name: GeForce GTX 1080 Ti, pci bus id: 0000:02:00.0)
2018-03-24 15:16:56.740646: I tensorflow/core/common_runtime/gpu/gpu_device.cc:1045] Creating TensorFlow device (/gpu:0) -> (device: 0, name: GeForce GTX 1080 Ti, pci bus id: 0000:02:00.0)
2018-03-24 16:27:54.557393: I tensorflow/core/common_runtime/gpu/gpu_device.cc:1045] Creating TensorFlow device (/gpu:0) -> (device: 0, name: GeForce GTX 1080 Ti, pci bus id: 0000:02:00.0)
2018-03-24 17:32:22.355602: I tensorflow/core/common_runtime/gpu/gpu_device.cc:1045] Creating TensorFlow device (/gpu:0) -> (device: 0, name: GeForce GTX 1080 Ti, pci bus id: 0000:02:00.0)
2018-03-24 18:58:31.959537: I tensorflow/core/common_runtime/gpu/gpu_device.cc:1045] Creating TensorFlow device (/gpu:0) -> (device: 0, name: GeForce GTX 1080 Ti, pci bus id: 0000:02:00.0)
2018-03-24 19:49:12.502895: I tensorflow/core/common_runtime/gpu/gpu_device.cc:1045] Creating TensorFlow device (/gpu:0) -> (device: 0, name: GeForce GTX 1080 Ti, pci bus id: 0000:02:00.0)
2018-03-24 21:14:51.509779: I tensorflow/core/common_runtime/gpu/gpu_device.cc:1045] Creating TensorFlow device (/gpu:0) -> (device: 0, name: GeForce GTX 1080 Ti, pci bus id: 0000:02:00.0)
2018-03-24 22:48:03.433621: I tensorflow/core/common_runtime/gpu/gpu_device.cc:1045] Creating TensorFlow device (/gpu:0) -> (device: 0, name: GeForce GTX 1080 Ti, pci bus id: 0000:02:00.0)
2018-03-25 00:38:53.176525: I tensorflow/core/common_runtime/gpu/gpu_device.cc:1045] Creating TensorFlow device (/gpu:0) -> (device: 0, name: GeForce GTX 1080 Ti, pci bus id: 0000:02:00.0)
2018-03-25 02:11:50.581600: I tensorflow/core/common_runtime/gpu/gpu_device.cc:1045] Creating TensorFlow device (/gpu:0) -> (device: 0, name: GeForce GTX 1080 Ti, pci bus id: 0000:02:00.0)
2018-03-25 03:35:27.670883: I tensorflow/core/common_runtime/gpu/gpu_device.cc:1045] Creating TensorFlow device (/gpu:0) -> (device: 0, name: GeForce GTX 1080 Ti, pci bus id: 0000:02:00.0)
2018-03-25 04:48:48.751891: I tensorflow/core/common_runtime/gpu/gpu_device.cc:1045] Creating TensorFlow device (/gpu:0) -> (device: 0, name: GeForce GTX 1080 Ti, pci bus id: 0000:02:00.0)
2018-03-25 06:34:28.954116: I tensorflow/core/common_runtime/gpu/gpu_device.cc:1045] Creating TensorFlow device (/gpu:0) -> (device: 0, name: GeForce GTX 1080 Ti, pci bus id: 0000:02:00.0)
2018-03-25 08:21:52.838236: I tensorflow/core/common_runtime/gpu/gpu_device.cc:1045] Creating TensorFlow device (/gpu:0) -> (device: 0, name: GeForce GTX 1080 Ti, pci bus id: 0000:02:00.0)
2018-03-25 10:24:32.500701: I tensorflow/core/common_runtime/gpu/gpu_device.cc:1045] Creating TensorFlow device (/gpu:0) -> (device: 0, name: GeForce GTX 1080 Ti, pci bus id: 0000:02:00.0)
2018-03-25 12:49:13.025657: I tensorflow/core/common_runtime/gpu/gpu_device.cc:1045] Creating TensorFlow device (/gpu:0) -> (device: 0, name: GeForce GTX 1080 Ti, pci bus id: 0000:02:00.0)
2018-03-25 14:52:21.793207: I tensorflow/core/common_runtime/gpu/gpu_device.cc:1045] Creating TensorFlow device (/gpu:0) -> (device: 0, name: GeForce GTX 1080 Ti, pci bus id: 0000:02:00.0)
2018-03-25 16:35:08.696109: I tensorflow/core/common_runtime/gpu/gpu_device.cc:1045] Creating TensorFlow device (/gpu:0) -> (device: 0, name: GeForce GTX 1080 Ti, pci bus id: 0000:02:00.0)
2018-03-25 18:09:02.503340: I tensorflow/core/common_runtime/gpu/gpu_device.cc:1045] Creating TensorFlow device (/gpu:0) -> (device: 0, name: GeForce GTX 1080 Ti, pci bus id: 0000:02:00.0)
2018-03-25 20:22:20.036435: I tensorflow/core/common_runtime/gpu/gpu_device.cc:1045] Creating TensorFlow device (/gpu:0) -> (device: 0, name: GeForce GTX 1080 Ti, pci bus id: 0000:02:00.0)
2018-03-25 22:18:42.614702: I tensorflow/core/common_runtime/gpu/gpu_device.cc:1045] Creating TensorFlow device (/gpu:0) -> (device: 0, name: GeForce GTX 1080 Ti, pci bus id: 0000:02:00.0)
2018-03-25 23:50:28.748165: I tensorflow/core/common_runtime/gpu/gpu_device.cc:1045] Creating TensorFlow device (/gpu:0) -> (device: 0, name: GeForce GTX 1080 Ti, pci bus id: 0000:02:00.0)
2018-03-25 23:52:14.103024: W tensorflow/core/common_runtime/bfc_allocator.cc:217] Allocator (GPU_0_bfc) ran out of memory trying to allocate 3.96GiB. The caller indicates that this is not a failure, but may mean that there could be performance gains if more memory is available.
2018-03-25 23:52:14.280102: W tensorflow/core/common_runtime/bfc_allocator.cc:217] Allocator (GPU_0_bfc) ran out of memory trying to allocate 3.96GiB. The caller indicates that this is not a failure, but may mean that there could be performance gains if more memory is available.
2018-03-26 01:46:45.046200: I tensorflow/core/common_runtime/gpu/gpu_device.cc:1045] Creating TensorFlow device (/gpu:0) -> (device: 0, name: GeForce GTX 1080 Ti, pci bus id: 0000:02:00.0)
长时间未提升, 停止优化, 停止在epoch: 57.130
kernel(16, 16)------The test examples' prediction accuracy is: 69.736
长时间未提升, 停止优化, 停止在epoch: 29.688
kernel(16, 32)------The test examples' prediction accuracy is: 68.686
长时间未提升, 停止优化, 停止在epoch: 26.368
kernel(16, 48)------The test examples' prediction accuracy is: 70.293
长时间未提升, 停止优化, 停止在epoch: 26.563
kernel(16, 64)------The test examples' prediction accuracy is: 67.050
长时间未提升, 停止优化, 停止在epoch: 23.243
kernel(16, 96)------The test examples' prediction accuracy is: 67.743
长时间未提升, 停止优化, 停止在epoch: 25.587
kernel(16, 128)------The test examples' prediction accuracy is: 68.186
长时间未提升, 停止优化, 停止在epoch: 15.235
kernel(16, 196)------The test examples' prediction accuracy is: 65.193
长时间未提升, 停止优化, 停止在epoch: 13.282
kernel(16, 256)------The test examples' prediction accuracy is: 55.307
长时间未提升, 停止优化, 停止在epoch: 32.618
kernel(32, 16)------The test examples' prediction accuracy is: 71.179
长时间未提升, 停止优化, 停止在epoch: 26.661
kernel(32, 32)------The test examples' prediction accuracy is: 71.029
长时间未提升, 停止优化, 停止在epoch: 25.489
kernel(32, 48)------The test examples' prediction accuracy is: 71.086
长时间未提升, 停止优化, 停止在epoch: 26.563
kernel(32, 64)------The test examples' prediction accuracy is: 70.864
长时间未提升, 停止优化, 停止在epoch: 28.126
kernel(32, 96)------The test examples' prediction accuracy is: 70.857
长时间未提升, 停止优化, 停止在epoch: 44.435
kernel(32, 128)------The test examples' prediction accuracy is: 71.021
长时间未提升, 停止优化, 停止在epoch: 26.075
kernel(32, 196)------The test examples' prediction accuracy is: 70.307
长时间未提升, 停止优化, 停止在epoch: 23.829
kernel(32, 256)------The test examples' prediction accuracy is: 69.871
长时间未提升, 停止优化, 停止在epoch: 41.700
kernel(48, 16)------The test examples' prediction accuracy is: 71.021
长时间未提升, 停止优化, 停止在epoch: 35.938
kernel(48, 32)------The test examples' prediction accuracy is: 71.371
长时间未提升, 停止优化, 停止在epoch: 23.243
kernel(48, 48)------The test examples' prediction accuracy is: 70.779
长时间未提升, 停止优化, 停止在epoch: 35.450
kernel(48, 64)------The test examples' prediction accuracy is: 70.929
长时间未提升, 停止优化, 停止在epoch: 29.688
kernel(48, 96)------The test examples' prediction accuracy is: 70.736
长时间未提升, 停止优化, 停止在epoch: 26.759
kernel(48, 128)------The test examples' prediction accuracy is: 69.729
长时间未提升, 停止优化, 停止在epoch: 27.540
kernel(48, 196)------The test examples' prediction accuracy is: 70.314
长时间未提升, 停止优化, 停止在epoch: 27.735
kernel(48, 256)------The test examples' prediction accuracy is: 70.450
长时间未提升, 停止优化, 停止在epoch: 38.087
kernel(64, 16)------The test examples' prediction accuracy is: 71.107
长时间未提升, 停止优化, 停止在epoch: 31.251
kernel(64, 32)------The test examples' prediction accuracy is: 71.229
长时间未提升, 停止优化, 停止在epoch: 31.349
kernel(64, 48)------The test examples' prediction accuracy is: 71.479
长时间未提升, 停止优化, 停止在epoch: 38.087
kernel(64, 64)------The test examples' prediction accuracy is: 71.264
长时间未提升, 停止优化, 停止在epoch: 17.481
kernel(64, 96)------The test examples' prediction accuracy is: 70.829
长时间未提升, 停止优化, 停止在epoch: 25.294
kernel(64, 128)------The test examples' prediction accuracy is: 71.057
长时间未提升, 停止优化, 停止在epoch: 32.130
kernel(64, 196)------The test examples' prediction accuracy is: 70.664
长时间未提升, 停止优化, 停止在epoch: 15.821
kernel(64, 256)------The test examples' prediction accuracy is: 70.836
长时间未提升, 停止优化, 停止在epoch: 41.993
kernel(96, 16)------The test examples' prediction accuracy is: 71.100
长时间未提升, 停止优化, 停止在epoch: 24.122
kernel(96, 32)------The test examples' prediction accuracy is: 71.029
长时间未提升, 停止优化, 停止在epoch: 17.384
kernel(96, 48)------The test examples' prediction accuracy is: 71.014
长时间未提升, 停止优化, 停止在epoch: 22.657
kernel(96, 64)------The test examples' prediction accuracy is: 71.036
长时间未提升, 停止优化, 停止在epoch: 35.157
kernel(96, 96)------The test examples' prediction accuracy is: 71.157
长时间未提升, 停止优化, 停止在epoch: 29.396
kernel(96, 128)------The test examples' prediction accuracy is: 71.207
长时间未提升, 停止优化, 停止在epoch: 17.091
kernel(96, 196)------The test examples' prediction accuracy is: 71.300
长时间未提升, 停止优化, 停止在epoch: 16.310
kernel(96, 256)------The test examples' prediction accuracy is: 71.129
长时间未提升, 停止优化, 停止在epoch: 24.024
kernel(128, 16)------The test examples' prediction accuracy is: 71.300
长时间未提升, 停止优化, 停止在epoch: 35.841
kernel(128, 32)------The test examples' prediction accuracy is: 71.321
长时间未提升, 停止优化, 停止在epoch: 33.009
kernel(128, 48)------The test examples' prediction accuracy is: 70.957
长时间未提升, 停止优化, 停止在epoch: 28.224
kernel(128, 64)------The test examples' prediction accuracy is: 71.071
长时间未提升, 停止优化, 停止在epoch: 31.739
kernel(128, 96)------The test examples' prediction accuracy is: 71.079
长时间未提升, 停止优化, 停止在epoch: 16.310
kernel(128, 128)------The test examples' prediction accuracy is: 71.300
长时间未提升, 停止优化, 停止在epoch: 22.071
kernel(128, 196)------The test examples' prediction accuracy is: 70.529
长时间未提升, 停止优化, 停止在epoch: 23.829
kernel(128, 256)------The test examples' prediction accuracy is: 71.107
长时间未提升, 停止优化, 停止在epoch: 41.993
kernel(196, 16)------The test examples' prediction accuracy is: 71.179
长时间未提升, 停止优化, 停止在epoch: 35.255
kernel(196, 32)------The test examples' prediction accuracy is: 71.471
长时间未提升, 停止优化, 停止在epoch: 28.224
kernel(196, 48)------The test examples' prediction accuracy is: 71.136
长时间未提升, 停止优化, 停止在epoch: 17.970
kernel(196, 64)------The test examples' prediction accuracy is: 70.871
长时间未提升, 停止优化, 停止在epoch: 19.728
kernel(196, 96)------The test examples' prediction accuracy is: 71.043
长时间未提升, 停止优化, 停止在epoch: 20.802
kernel(196, 128)------The test examples' prediction accuracy is: 70.650
长时间未提升, 停止优化, 停止在epoch: 18.556
kernel(196, 196)------The test examples' prediction accuracy is: 71.021
长时间未提升, 停止优化, 停止在epoch: 19.923
kernel(196, 256)------The test examples' prediction accuracy is: 70.079
长时间未提升, 停止优化, 停止在epoch: 33.106
kernel(256, 16)------The test examples' prediction accuracy is: 71.221
长时间未提升, 停止优化, 停止在epoch: 27.149
kernel(256, 32)------The test examples' prediction accuracy is: 71.214
长时间未提升, 停止优化, 停止在epoch: 20.509
kernel(256, 48)------The test examples' prediction accuracy is: 70.971
长时间未提升, 停止优化, 停止在epoch: 32.423
kernel(256, 64)------The test examples' prediction accuracy is: 71.229
长时间未提升, 停止优化, 停止在epoch: 21.583
kernel(256, 96)------The test examples' prediction accuracy is: 71.150
长时间未提升, 停止优化, 停止在epoch: 15.919
kernel(256, 128)------The test examples' prediction accuracy is: 71.150
长时间未提升, 停止优化, 停止在epoch: 15.138
kernel(256, 196)------The test examples' prediction accuracy is: 71.179
长时间未提升, 停止优化, 停止在epoch: 16.993
kernel(256, 256)------The test examples' prediction accuracy is: 70.693
