\BOOKMARK [1][-]{section.1}{\376\377\0000\000\040\137\025\212\000}{}% 1
\BOOKMARK [1][-]{section.2}{\376\377\0001\000\040\227\000\154\102\122\006\147\220}{}% 2
\BOOKMARK [1][-]{section.3}{\376\377\0002\000\040\211\343\121\263\145\271\150\110}{}% 3
\BOOKMARK [2][-]{subsection.3.1}{\376\377\0002\000.\0001\000\040\145\160\143\156\156\220\145\207\116\366\121\306\131\007}{section.3}% 4
\BOOKMARK [3][-]{subsubsection.3.1.1}{\376\377\0002\000.\0001\000.\0001\000\040\142\113\122\250\145\207\147\054\145\207\116\366\165\037\142\020}{subsection.3.1}% 5
\BOOKMARK [3][-]{subsubsection.3.1.2}{\376\377\0002\000.\0001\000.\0002\000\040\122\051\165\050\000w\000i\000n\000e\000d\000t\165\037\142\020}{subsection.3.1}% 6
\BOOKMARK [3][-]{subsubsection.3.1.3}{\376\377\0002\000.\0001\000.\0003\000\040\122\051\165\050\000t\000e\000x\000s\000t\000u\000d\000i\000o\165\037\142\020}{subsection.3.1}% 7
\BOOKMARK [3][-]{subsubsection.3.1.4}{\376\377\0002\000.\0001\000.\0004\000\040\122\051\165\050\000J\000a\000b\000r\000e\000f\217\157\116\366\165\037\142\020}{subsection.3.1}% 8
\BOOKMARK [3][-]{subsubsection.3.1.5}{\376\377\0002\000.\0001\000.\0005\000\040\226\217\000L\000a\000T\000e\000X\145\207\150\143\165\037\142\020}{subsection.3.1}% 9
\BOOKMARK [3][-]{subsubsection.3.1.6}{\376\377\0002\000.\0001\000.\0006\000\040\203\267\123\326\150\007\121\306\000b\000i\000b\145\207\116\366}{subsection.3.1}% 10
\BOOKMARK [2][-]{subsection.3.2}{\376\377\0002\000.\0002\000\040\145\207\150\143\166\204\176\304\142\020}{section.3}% 11
\BOOKMARK [3][-]{subsubsection.3.2.1}{\376\377\0002\000.\0002\000.\0001\000\040\145\207\150\143\156\220\145\207\116\366\127\372\147\054\176\323\147\204}{subsection.3.2}% 12
\BOOKMARK [3][-]{subsubsection.3.2.2}{\376\377\0002\000.\0002\000.\0002\000\040\000b\000i\000b\000l\000a\000t\000e\000x\133\217\123\005\060\001\123\302\200\003\145\207\163\056\145\160\143\156\156\220\124\214\150\067\137\017\166\204\122\240\217\175}{subsection.3.2}% 13
\BOOKMARK [3][-]{subsubsection.3.2.3}{\376\377\0002\000.\0002\000.\0003\000\040\145\207\163\056\166\204\137\025\165\050\124\175\116\344}{subsection.3.2}% 14
\BOOKMARK [3][-]{subsubsection.3.2.4}{\376\377\0002\000.\0002\000.\0004\000\040\145\207\163\056\210\150\142\123\123\160\124\175\116\344}{subsection.3.2}% 15
\BOOKMARK [3][-]{subsubsection.3.2.5}{\376\377\0002\000.\0002\000.\0005\000\040\123\302\200\003\145\207\163\056\153\143\123\315\215\205\224\376\143\245}{subsection.3.2}% 16
\BOOKMARK [2][-]{subsection.3.3}{\376\377\0002\000.\0003\000\040\145\207\150\143\166\204\177\026\213\321}{section.3}% 17
\BOOKMARK [3][-]{subsubsection.3.3.1}{\376\377\0002\000.\0003\000.\0001\000\040\122\051\165\050\000w\000i\000n\000e\000d\000t}{subsection.3.3}% 18
\BOOKMARK [3][-]{subsubsection.3.3.2}{\376\377\0002\000.\0003\000.\0002\000\040\122\051\165\050\000t\000e\000x\000s\000t\000u\000d\000i\000o}{subsection.3.3}% 19
\BOOKMARK [3][-]{subsubsection.3.3.3}{\376\377\0002\000.\0003\000.\0003\000\040\124\175\116\344\210\114\142\026\201\032\147\054}{subsection.3.3}% 20
\BOOKMARK [2][-]{subsection.3.4}{\376\377\0002\000.\0004\000\040\122\006\172\340\123\302\200\003\145\207\163\056\124\214\116\146\124\016\123\302\200\003\145\207\163\056}{section.3}% 21
\BOOKMARK [3][-]{subsubsection.3.4.1}{\376\377\0002\000.\0004\000.\0001\000\040\122\051\165\050\000r\000e\000f\000s\000e\000c\000t\000i\000o\000n\163\257\130\203\122\006\172\340}{subsection.3.4}% 22
\BOOKMARK [3][-]{subsubsection.3.4.2}{\376\377\0002\000.\0004\000.\0002\000\040\122\051\165\050\133\217\123\005\000r\000e\000f\000s\000e\000c\000t\000i\000o\000n\220\011\230\171\122\006\172\340}{subsection.3.4}% 23
\BOOKMARK [3][-]{subsubsection.3.4.3}{\376\377\0002\000.\0004\000.\0003\000\040\176\337\116\000\166\204\121\150\134\100\123\302\200\003\145\207\163\056}{subsection.3.4}% 24
\BOOKMARK [2][-]{subsection.3.5}{\376\377\0002\000.\0005\000\040\123\302\200\003\145\207\163\056\150\007\230\230\150\074\137\017}{section.3}% 25
\BOOKMARK [3][-]{subsubsection.3.5.1}{\376\377\0002\000.\0005\000.\0001\000\040\122\240\121\145\166\356\137\125\224\376\143\245}{subsection.3.5}% 26
\BOOKMARK [3][-]{subsubsection.3.5.2}{\376\377\0002\000.\0005\000.\0002\000\040\221\315\133\232\116\111\000h\000e\000a\000d\000i\000n\000g}{subsection.3.5}% 27
\BOOKMARK [3][-]{subsubsection.3.5.3}{\376\377\0002\000.\0005\000.\0003\000\040\122\051\165\050\000t\000i\000t\000l\000e\000s\000e\000c}{subsection.3.5}% 28
\BOOKMARK [2][-]{subsection.3.6}{\376\377\0002\000.\0006\000\040\123\302\200\003\145\207\163\056\121\205\133\271\150\074\137\017}{section.3}% 29
\BOOKMARK [3][-]{subsubsection.3.6.1}{\376\377\0002\000.\0006\000.\0001\000\040\116\000\202\054\213\276\177\156\145\271\154\325}{subsection.3.6}% 30
\BOOKMARK [3][-]{subsubsection.3.6.2}{\376\377\0002\000.\0006\000.\0002\000\040\201\352\133\232\116\111\163\257\130\203\124\214\134\100\220\350\117\356\145\071}{subsection.3.6}% 31
\BOOKMARK [3][-]{subsubsection.3.6.3}{\376\377\0002\000.\0006\000.\0003\000\040\201\352\133\232\116\111\163\257\130\203\116\076\117\213}{subsection.3.6}% 32
\BOOKMARK [2][-]{subsection.3.7}{\376\377\0002\000.\0007\000\040\123\302\200\003\145\207\163\056\204\127\137\125\124\214\150\007\154\350\150\067\137\017}{section.3}% 33
\BOOKMARK [3][-]{subsubsection.3.7.1}{\376\377\0002\000.\0007\000.\0001\000\040\150\007\121\306\150\067\137\017}{subsection.3.7}% 34
\BOOKMARK [3][-]{subsubsection.3.7.2}{\376\377\0002\000.\0007\000.\0002\000\040\000g\000b\0007\0007\0001\0004\000-\0002\0000\0001\0005}{subsection.3.7}% 35
\BOOKMARK [3][-]{subsubsection.3.7.3}{\376\377\0002\000.\0007\000.\0003\000\040\121\166\116\326\133\232\122\066\150\067\137\017}{subsection.3.7}% 36
\BOOKMARK [3][-]{subsubsection.3.7.4}{\376\377\0002\000.\0007\000.\0004\000\040\137\353\220\037\133\232\122\066\000/\116\064\145\366\133\232\122\066}{subsection.3.7}% 37
\BOOKMARK [2][-]{subsection.3.8}{\376\377\0002\000.\0008\000\040\131\032\213\355\212\000\145\207\163\056}{section.3}% 38
\BOOKMARK [3][-]{subsubsection.3.8.1}{\376\377\0002\000.\0008\000.\0001\000\040\122\250\140\001\145\271\154\325}{subsection.3.8}% 39
\BOOKMARK [3][-]{subsubsection.3.8.2}{\376\377\0002\000.\0008\000.\0002\000\040\227\131\140\001\145\271\154\325}{subsection.3.8}% 40
\BOOKMARK [2][-]{subsection.3.9}{\376\377\0002\000.\0009\000\040\201\032\154\350\230\230\154\350\134\017\230\165\163\257\130\203\116\055\166\204\137\025\165\050}{section.3}% 41
\BOOKMARK [3][-]{subsubsection.3.9.1}{\376\377\0002\000.\0009\000.\0001\000\040\201\032\154\350\116\055\166\204\137\025\165\050}{subsection.3.9}% 42
\BOOKMARK [3][-]{subsubsection.3.9.2}{\376\377\0002\000.\0009\000.\0002\000\040\230\230\154\350\116\055\166\204\137\025\165\050}{subsection.3.9}% 43
\BOOKMARK [3][-]{subsubsection.3.9.3}{\376\377\0002\000.\0009\000.\0003\000\040\134\017\230\165\163\257\130\203\116\055\166\204\137\025\165\050}{subsection.3.9}% 44
\BOOKMARK [2][-]{subsection.3.10}{\376\377\0002\000.\0001\0000\000\040\201\032\154\350\145\301\154\350\116\055\166\204\145\207\163\056\210\150}{section.3}% 45
\BOOKMARK [3][-]{subsubsection.3.10.1}{\376\377\0002\000.\0001\0000\000.\0001\000\040\117\177\165\050\000b\000i\000b\000l\000a\000t\000e\000x\124\175\116\344\133\236\163\260\201\032\154\350\145\207\163\056\210\150}{subsection.3.10}% 46
\BOOKMARK [3][-]{subsubsection.3.10.2}{\376\377\0002\000.\0001\0000\000.\0002\000\040\117\177\165\050\000b\000i\000b\000l\000a\000t\000e\000x\124\175\116\344\124\214\000f\000o\000o\000t\000m\000i\000s\000c\133\236\163\260\145\301\154\350\145\207\163\056\210\150}{subsection.3.10}% 47
\BOOKMARK [3][-]{subsubsection.3.10.3}{\376\377\0002\000.\0001\0000\000.\0003\000\040\117\177\165\050\201\352\133\232\116\111\145\271\137\017\163\257\130\203\145\271\137\017\133\236\163\260\145\301\154\350\145\207\163\056\210\150}{subsection.3.10}% 48
\BOOKMARK [2][-]{subsection.3.11}{\376\377\0002\000.\0001\0001\000\040\145\207\163\056\210\150\122\006\174\173\173\133\220\011\142\123\123\160}{section.3}% 49
\BOOKMARK [2][-]{subsection.3.12}{\376\377\0002\000.\0001\0002\000\040\000b\000e\000a\000m\000e\000r\174\173\116\055\166\204\123\302\200\003\145\207\163\056}{section.3}% 50
\BOOKMARK [1][-]{section.4}{\376\377\0003\000\040\176\323\213\272}{}% 51
\BOOKMARK [1][-]{section*.1}{\376\377\166\356\137\125}{}% 52
\BOOKMARK [1][-]{section*.2}{\376\377\143\322\126\376}{}% 53
\BOOKMARK [1][-]{section*.3}{\376\377\171\072\117\213}{}% 54
